<?xml version="1.0" encoding="UTF-8"?>
<!-- Generated by org.testng.reporters.JUnitReportReporter -->
<testsuite hostname="103766" failures="0" tests="1" name="com.wiki.tests.SmokeTests" time="1.924" errors="0" timestamp="15 Feb 2022 21:27:27 GMT" skipped="0">
  <testcase classname="com.wiki.tests.SmokeTests" name="verifyLandingPage" time="1.924"/>
</testsuite> <!-- com.wiki.tests.SmokeTests -->
